OpenCV-sdk/build/outputs/mapping/release/seeds.txt
org.opencv.R
org.opencv.R$id
org.opencv.R$attr
org.opencv.R$styleable
org.opencv.R$attr: int show_fps
org.opencv.R$styleable: int[] CameraBridgeViewBase
org.opencv.R$id: int any
org.opencv.R$id: int back
org.opencv.R$id: int front
org.opencv.R$styleable: int CameraBridgeViewBase_camera_id
org.opencv.R$attr: int camera_id
org.opencv.R$styleable: int CameraBridgeViewBase_show_fps
org.opencv.R$styleable: R$styleable()
org.opencv.R$attr: R$attr()
org.opencv.R$id: R$id()
org.opencv.R: R()