OpenCV-sdk/build/outputs/mapping/release/usage.txt
org.opencv.android.AsyncServiceHelper$1
org.opencv.android.AsyncServiceHelper$2
org.opencv.android.AsyncServiceHelper$3$1
org.opencv.android.AsyncServiceHelper$3$2
org.opencv.android.AsyncServiceHelper$3
org.opencv.android.AsyncServiceHelper
org.opencv.android.BaseLoaderCallback$1
org.opencv.android.BaseLoaderCallback$2
org.opencv.android.BaseLoaderCallback$3
org.opencv.android.BaseLoaderCallback$4
org.opencv.android.BaseLoaderCallback$5
org.opencv.android.BaseLoaderCallback$6
org.opencv.android.BaseLoaderCallback$7
org.opencv.android.BaseLoaderCallback
org.opencv.android.Camera2Renderer$1
org.opencv.android.Camera2Renderer$2
org.opencv.android.Camera2Renderer
org.opencv.android.CameraActivity
org.opencv.android.CameraBridgeViewBase$1
org.opencv.android.CameraBridgeViewBase$CvCameraViewFrame
org.opencv.android.CameraBridgeViewBase$CvCameraViewListener2
org.opencv.android.CameraBridgeViewBase$CvCameraViewListener
org.opencv.android.CameraBridgeViewBase$CvCameraViewListenerAdapter
org.opencv.android.CameraBridgeViewBase$ListItemAccessor
org.opencv.android.CameraBridgeViewBase
org.opencv.android.CameraGLRendererBase
org.opencv.android.CameraGLSurfaceView$CameraTextureListener
org.opencv.android.CameraGLSurfaceView
org.opencv.android.CameraRenderer
org.opencv.android.FpsMeter
org.opencv.android.InstallCallbackInterface
org.opencv.android.JavaCamera2View$1
org.opencv.android.JavaCamera2View$2
org.opencv.android.JavaCamera2View$3
org.opencv.android.JavaCamera2View$JavaCamera2Frame
org.opencv.android.JavaCamera2View$JavaCameraSizeAccessor
org.opencv.android.JavaCamera2View
org.opencv.android.JavaCameraView$1
org.opencv.android.JavaCameraView$CameraWorker
org.opencv.android.JavaCameraView$JavaCameraFrame
org.opencv.android.JavaCameraView$JavaCameraSizeAccessor
org.opencv.android.JavaCameraView
org.opencv.android.LoaderCallbackInterface
org.opencv.android.OpenCVLoader
org.opencv.android.StaticHelper
org.opencv.android.Utils
org.opencv.calib3d.Calib3d
org.opencv.calib3d.StereoBM
org.opencv.calib3d.StereoMatcher
org.opencv.calib3d.StereoSGBM
org.opencv.calib3d.UsacParams
org.opencv.core.Algorithm
org.opencv.core.Core$MinMaxLocResult
org.opencv.core.Core
org.opencv.core.CvException
org.opencv.core.CvType
org.opencv.core.DMatch
org.opencv.core.KeyPoint
org.opencv.core.Mat
org.opencv.core.MatOfByte
org.opencv.core.MatOfDMatch
org.opencv.core.MatOfDouble
org.opencv.core.MatOfFloat4
org.opencv.core.MatOfFloat6
org.opencv.core.MatOfFloat
org.opencv.core.MatOfInt4
org.opencv.core.MatOfInt
org.opencv.core.MatOfKeyPoint
org.opencv.core.MatOfPoint2f
org.opencv.core.MatOfPoint3
org.opencv.core.MatOfPoint3f
org.opencv.core.MatOfPoint
org.opencv.core.MatOfRect2d
org.opencv.core.MatOfRect
org.opencv.core.MatOfRotatedRect
org.opencv.core.Point3
org.opencv.core.Point
org.opencv.core.Range
org.opencv.core.Rect2d
org.opencv.core.Rect
org.opencv.core.RotatedRect
org.opencv.core.Scalar
org.opencv.core.Size
org.opencv.core.TermCriteria
org.opencv.core.TickMeter
org.opencv.dnn.ClassificationModel
org.opencv.dnn.DetectionModel
org.opencv.dnn.DictValue
org.opencv.dnn.Dnn
org.opencv.dnn.KeypointsModel
org.opencv.dnn.Layer
org.opencv.dnn.Model
org.opencv.dnn.Net
org.opencv.dnn.SegmentationModel
org.opencv.dnn.TextDetectionModel
org.opencv.dnn.TextDetectionModel_DB
org.opencv.dnn.TextDetectionModel_EAST
org.opencv.dnn.TextRecognitionModel
org.opencv.engine.OpenCVEngineInterface$Default
org.opencv.engine.OpenCVEngineInterface$Stub$Proxy
org.opencv.engine.OpenCVEngineInterface$Stub
org.opencv.engine.OpenCVEngineInterface
org.opencv.features2d.AKAZE
org.opencv.features2d.AffineFeature
org.opencv.features2d.AgastFeatureDetector
org.opencv.features2d.BFMatcher
org.opencv.features2d.BOWImgDescriptorExtractor
org.opencv.features2d.BOWKMeansTrainer
org.opencv.features2d.BOWTrainer
org.opencv.features2d.BRISK
org.opencv.features2d.DescriptorMatcher
org.opencv.features2d.FastFeatureDetector
org.opencv.features2d.Feature2D
org.opencv.features2d.Features2d